10:28:53.599 - 1: org.apache.uima.adapter.jms.service.UIMA_Service.initialize(67): INFO: UIMA-AS version 2.6.0
10:28:54.733 - 1: org.apache.uima.aae.controller.BaseAnalysisEngineController.logPlatformInfo: INFO: 
+------------------------------------------------------------------
                   Starting UIMA AS Service - PID: 4151
+------------------------------------------------------------------
+ Service Name:aaeDescriptor
+ Service Queue Name:vrobisonQueue
+ Service Start Time:26 Oct 2015 22:28:53 
+ UIMA AS Version:2.6.0
+ UIMA Core Version:2.6.0
+ OS Name:Linux
+ OS Version:3.13.0-63-generic
+ OS Architecture:amd64
+ OS CPU Count:4
+ JVM Vendor:Oracle Corporation
+ JVM Name:OpenJDK 64-Bit Server VM
+ JVM Version:25.45-b02
+ JVM Input Args:[-DVNS_HOST=localhost, -DVNS_PORT=9000, -Duima.home=/home/vivian/Programs/UIMA_AS, -Duima.datapath=, -Djava.util.logging.config.file=/home/vivian/Programs/UIMA_AS/config/Logger.properties, -Duima.tools.cvd.manpath.notset, -Xms128M, -Xmx4000M, -XX:-UseGCOverheadLimit, -Dlog4j.configuration=file:/home/vivian/Programs/UIMA_AS/as_config/uimaAsLog4j.properties, -DUimaBootstrapSuppressClassPathDisplay, -Dorg.apache.uima.jarpath=./target/classes:./target/dependency:./src/main/resources/extraDependencies:/home/vivian/Programs/UIMA_AS/examples/resources:/home/vivian/Programs/UIMA_AS/lib::/home/vivian/Programs/UIMA_AS/lib/xmlbeans:/home/vivian/Programs/UIMA_AS/apache-activemq:/home/vivian/Programs/UIMA_AS/apache-activemq/lib:/home/vivian/Programs/UIMA_AS/apache-activemq/lib/optional:]
+ JVM Classpath:/home/vivian/Programs/UIMA_AS/lib/uimaj-bootstrap.jar
+ JVM Loaded Jars:/home/vivian/Programs/UIMA_AS/lib/uimaj-bootstrap.jar:/home/vivian/git/11791/pi8-vrobison/./target/classes/:/home/vivian/git/11791/pi8-vrobison/./src/main/resources/extraDependencies/uimafit-core-2.1.0.jar:/home/vivian/Programs/UIMA_AS/examples/resources/:/home/vivian/Programs/UIMA_AS/lib/uima-adapter-vinci.jar:/home/vivian/Programs/UIMA_AS/lib/uimaj-as-jms.jar:/home/vivian/Programs/UIMA_AS/lib/uimaj-as-activemq.jar:/home/vivian/Programs/UIMA_AS/lib/uima-tools.jar:/home/vivian/Programs/UIMA_AS/lib/uima-cpe.jar:/home/vivian/Programs/UIMA_AS/lib/uimaj-as-core.jar:/home/vivian/Programs/UIMA_AS/lib/jVinci.jar:/home/vivian/Programs/UIMA_AS/lib/uima-core.jar:/home/vivian/Programs/UIMA_AS/lib/uima-examples.jar:/home/vivian/Programs/UIMA_AS/lib/uimaj-as-camel.jar:/home/vivian/Programs/UIMA_AS/lib/xmlbeans.jar:/home/vivian/Programs/UIMA_AS/lib/uima-adapter-soap.jar:/home/vivian/Programs/UIMA_AS/lib/uima-document-annotation.jar:/home/vivian/Programs/UIMA_AS/apache-activemq/activemq-all-5.7.0.jar:/home/vivian/Programs/UIMA_AS/apache-activemq/lib/jcl-over-slf4j-1.6.4.jar:/home/vivian/Programs/UIMA_AS/apache-activemq/lib/commons-logging-1.0.4.jar:/home/vivian/Programs/UIMA_AS/apache-activemq/lib/activemq-spring-5.7.0.jar:/home/vivian/Programs/UIMA_AS/apache-activemq/lib/spring-tx-3.0.7.RELEASE.jar:/home/vivian/Programs/UIMA_AS/apache-activemq/lib/spring-context-3.0.7.RELEASE.jar:/home/vivian/Programs/UIMA_AS/apache-activemq/lib/kahadb-5.7.0.jar:/home/vivian/Programs/UIMA_AS/apache-activemq/lib/slf4j-api-1.6.4.jar:/home/vivian/Programs/UIMA_AS/apache-activemq/lib/spring-jms-3.0.7.RELEASE.jar:/home/vivian/Programs/UIMA_AS/apache-activemq/lib/spring-asm-3.0.7.RELEASE.jar:/home/vivian/Programs/UIMA_AS/apache-activemq/lib/activemq-core-5.7.0.jar:/home/vivian/Programs/UIMA_AS/apache-activemq/lib/spring-expression-3.0.7.RELEASE.jar:/home/vivian/Programs/UIMA_AS/apache-activemq/lib/spring-beans-3.0.7.RELEASE.jar:/home/vivian/Programs/UIMA_AS/apache-activemq/lib/geronimo-j2ee-management_1.1_spec-1.0.1.jar:/home/vivian/Programs/UIMA_AS/apache-activemq/lib/xbean-spring-3.11.1.jar:/home/vivian/Programs/UIMA_AS/apache-activemq/lib/activemq-optional-5.7.0.jar:/home/vivian/Programs/UIMA_AS/apache-activemq/lib/spring-aop-3.0.7.RELEASE.jar:/home/vivian/Programs/UIMA_AS/apache-activemq/lib/geronimo-jms_1.1_spec-1.1.1.jar:/home/vivian/Programs/UIMA_AS/apache-activemq/lib/activemq-console-5.7.0.jar:/home/vivian/Programs/UIMA_AS/apache-activemq/lib/activemq-camel-5.7.0.jar:/home/vivian/Programs/UIMA_AS/apache-activemq/lib/slf4j-log4j12-1.6.4.jar:/home/vivian/Programs/UIMA_AS/apache-activemq/lib/spring-core-3.0.7.RELEASE.jar:/home/vivian/Programs/UIMA_AS/apache-activemq/lib/optional/log4j-1.2.16.jar:/home/vivian/Programs/UIMA_AS/apache-activemq/lib/optional/xstream-1.4.3.jar:/home/vivian/Programs/UIMA_AS/apache-activemq/lib/optional/xpp3-1.1.4c.jar:/home/vivian/Programs/UIMA_AS/apache-activemq/lib/optional/httpcore-4.2.1.jar:/home/vivian/Programs/UIMA_AS/apache-activemq/lib/optional/xmlpull-1.1.3.1.jar:/home/vivian/Programs/UIMA_AS/apache-activemq/lib/optional/jetty-all-server-7.6.7.v20120910.jar:/home/vivian/Programs/UIMA_AS/apache-activemq/lib/optional/httpclient-4.2.1.jar:/home/vivian/Programs/UIMA_AS/apache-activemq/lib/optional/geronimo-servlet_2.5_spec-1.2.jar:/home/vivian/Programs/UIMA_AS/apache-activemq/lib/optional/commons-httpclient-3.1.jar:/home/vivian/Programs/UIMA_AS/apache-activemq/lib/optional/commons-codec-1.2.jar:
+ JVM LIB_PATH:/home/vivian/Programs/UIMA_AS/uimacpp/lib:/home/vivian/Programs/UIMA_AS/uimacpp/examples/tutorial/src:/home/vivian/Programs/prefix/lib:/home/vivian/prefix/lib/fst:/home/vivian/prefix/lib/fst:/home/vivian/prefix/lib:/home/vivian/prefix/lib/fst:/home/vivian/prefix/lib::/usr/java/packages/lib/amd64:/usr/lib/x86_64-linux-gnu/jni:/lib/x86_64-linux-gnu:/usr/lib/x86_64-linux-gnu:/usr/lib/jni:/lib:/usr/lib
+------------------------------------------------------------------ 
10:28:54.983 - 1: org.apache.uima.adapter.jms.activemq.JmsInputChannel.setEndpointName: INFO: top_level_input_queue_service_1 Service Starting - Listening for Messages 
10:28:54.994 - 1: org.apache.uima.adapter.jms.activemq.SpringContainerDeployer.waitForServiceNotification: INFO: Uima EE Client Blocking - Awaiting Top Level Controller Initialization Notification
10:28:55.33 - 13: org.apache.uima.aae.UimaAsThreadFactory$1.UimaAsThreadFactory.run(): INFO: Controller: aaeDescriptor Initializing AE instance on Thread Id: 13
10:28:55.33 - 12: org.apache.uima.aae.UimaAsThreadFactory$1.UimaAsThreadFactory.run(): INFO: Controller: aaeDescriptor Initializing AE instance on Thread Id: 12
10:28:55.33 - 14: org.apache.uima.aae.UimaAsThreadFactory$1.UimaAsThreadFactory.run(): INFO: Controller: aaeDescriptor Initializing AE instance on Thread Id: 14
10:28:55.34 - 15: org.apache.uima.aae.UimaAsThreadFactory$1.UimaAsThreadFactory.run(): INFO: Controller: aaeDescriptor Initializing AE instance on Thread Id: 15
10:28:55.34 - 16: org.apache.uima.aae.UimaAsThreadFactory$1.UimaAsThreadFactory.run(): INFO: Controller: aaeDescriptor Initializing AE instance on Thread Id: 16
10:28:55.446 - 13: org.apache.uima.aae.controller.PrimitiveAnalysisEngineController_impl.postInitialize: INFO: ********* Initialized the Controller. aaeDescriptor Ready To Process. ********
10:28:55.447 - 1: org.apache.uima.adapter.jms.activemq.SpringContainerDeployer.doStartListeners: INFO: Controller: aaeDescriptor Starting Listener on Endpoint: queue://vrobisonQueue Selector: Command=2000 OR Command=2002 Broker: tcp://ur.lti.cs.cmu.edu:61616
10:28:55.795 - 1: org.apache.uima.adapter.jms.activemq.SpringContainerDeployer.doStartListeners: INFO: Controller: aaeDescriptor Starting Listener on Endpoint: queue://vrobisonQueue Selector: Command=2001 Broker: tcp://ur.lti.cs.cmu.edu:61616
